#
# A fatal error has been detected by the Java Runtime Environment:
#
#  EXCEPTION_ACCESS_VIOLATION (0xc0000005) at pc=0x00007ffadbb38427, pid=1560, tid=14736
#
# JRE version: OpenJDK Runtime Environment (23.0.1+11) (build 23.0.1+11-39)
# Java VM: OpenJDK 64-Bit Server VM (23.0.1+11-39, mixed mode, sharing, tiered, compressed oops, compressed class ptrs, g1 gc, windows-amd64)
# Problematic frame:
# C  [glass.dll+0x28427]
#
# No core dump will be written. Minidumps are not enabled by default on client versions of Windows
#
# If you would like to submit a bug report, please visit:
#   https://bugreport.java.com/bugreport/crash.jsp
#

---------------  S U M M A R Y ------------

Command Line: --enable-preview -javaagent:C:\Program Files\JetBrains\IntelliJ IDEA Community Edition 2024.2.3\lib\idea_rt.jar=55817:C:\Program Files\JetBrains\IntelliJ IDEA Community Edition 2024.2.3\bin -Dfile.encoding=UTF-8 -Dsun.stdout.encoding=UTF-8 -Dsun.stderr.encoding=UTF-8 --module-path=C:\Users\ADMIN\.m2\repository\org\openjfx\javafx-base\23\javafx-base-23-win.jar;C:\Users\ADMIN\.m2\repository\org\openjfx\javafx-controls\23\javafx-controls-23-win.jar;C:\Users\ADMIN\.m2\repository\org\openjfx\javafx-fxml\23\javafx-fxml-23-win.jar;C:\xampp\htdocs\test\tree\target\classes;C:\Users\ADMIN\.m2\repository\org\openjfx\javafx-graphics\23\javafx-graphics-23-win.jar -Djdk.module.main=com.example.demo com.example.demo/com.example.demo.MyApplication

Host: Intel(R) Core(TM) i5-10210U CPU @ 1.60GHz, 8 cores, 7G,  Windows 10 , 64 bit Build 19041 (10.0.19041.5072)
Time: Wed Dec  4 21:10:23 2024 SE Asia Standard Time elapsed time: 297.101651 seconds (0d 0h 4m 57s)

---------------  T H R E A D  ---------------

Current thread (0x00000207e695e070):  VMThread "VM Thread"          [id=14736, stack(0x0000006c72e00000,0x0000006c72f00000) (1024K)]

Stack: [0x0000006c72e00000,0x0000006c72f00000],  sp=0x0000006c72efec20,  free space=1019k
Native frames: (J=compiled Java code, j=interpreted, Vv=VM code, C=native code)
C  [glass.dll+0x28427]  (no source info available)
C  [ucrtbase.dll+0x142d6]  (no source info available)
C  [ucrtbase.dll+0x141fb]  (no source info available)
C  [ucrtbase.dll+0x141b4]  (no source info available)
C  [glass.dll+0x25bbd]  (no source info available)
C  [glass.dll+0x25ce2]  (no source info available)
C  [ntdll.dll+0x19a1d]  (no source info available)
C  [ntdll.dll+0x5f1ca]  (no source info available)
C  [ntdll.dll+0x5ef7d]  (no source info available)
C  [KERNEL32.DLL+0x1e3eb]  (no source info available)
C  [ucrtbase.dll+0x205bc]  (no source info available)
C  [ucrtbase.dll+0x2045f]  (no source info available)
V  [jvm.dll+0x6d990c]  (no source info available)
V  [jvm.dll+0x6d9440]  (no source info available)
V  [jvm.dll+0x3da534]  (no source info available)
V  [jvm.dll+0x886720]  (no source info available)
V  [jvm.dll+0x887a47]  (no source info available)
V  [jvm.dll+0x887f78]  (no source info available)
V  [jvm.dll+0x888213]  (no source info available)
V  [jvm.dll+0x824f8b]  (no source info available)
V  [jvm.dll+0x6df065]  (no source info available)
C  [ucrtbase.dll+0x21bb2]  (no source info available)
C  [KERNEL32.DLL+0x17374]  (no source info available)
C  [ntdll.dll+0x4cc91]  (no source info available)


siginfo: EXCEPTION_ACCESS_VIOLATION (0xc0000005), reading address 0x0000000000000000


Registers:
RAX=0x0000000000000000, RBX=0x00000207e69640da, RCX=0x00000207e695e070, RDX=0x0000006c72efec20
RSP=0x0000006c72efec20, RBP=0x00000207c5ccbdc8, RSI=0x00000207c5ccbda0, RDI=0x0000633efcab2430
R8 =0x0000000000010002, R9 =0x0000633efcab2430, R10=0x0000000000008000, R11=0x0000006c72efebb0
R12=0x00007ffadbb35d30, R13=0x00007ffa8db9b760, R14=0x0000006c72efed18, R15=0x00000207c5ccbda0
RIP=0x00007ffadbb38427, EFLAGS=0x0000000000010206


Register to memory mapping:

RAX=0x0 is null
RBX=0x00000207e69640da is a global jni handle
RCX=0x00000207e695e070 points into unknown readable memory: 0x00007ffa8d99f688 | 88 f6 99 8d fa 7f 00 00
RDX=0x0000006c72efec20 points into unknown readable memory: 0x0000000000000000 | 00 00 00 00 00 00 00 00
RSP=0x0000006c72efec20 points into unknown readable memory: 0x0000000000000000 | 00 00 00 00 00 00 00 00
RBP=0x00000207c5ccbdc8 points into unknown readable memory: 0x0000633efcab2430 | 30 24 ab fc 3e 63 00 00
RSI=0x00000207c5ccbda0 points into unknown readable memory: 0x5848633e8351ff83 | 83 ff 51 83 3e 63 48 58
RDI=0x0000633efcab2430 is an unknown value
R8 =0x0000000000010002 is an unknown value
R9 =0x0000633efcab2430 is an unknown value
R10=0x0000000000008000 is an unknown value
R11=0x0000006c72efebb0 points into unknown readable memory: 0x00000207c5ccbda0 | a0 bd cc c5 07 02 00 00
R12=0x00007ffadbb35d30 glass.dll
R13=0x00007ffa8db9b760 jvm.dll
R14=0x0000006c72efed18 points into unknown readable memory: 0x0000006c72efed00 | 00 ed ef 72 6c 00 00 00
R15=0x00000207c5ccbda0 points into unknown readable memory: 0x5848633e8351ff83 | 83 ff 51 83 3e 63 48 58

Top of Stack: (sp=0x0000006c72efec20)
0x0000006c72efec20:   0000000000000000 00000207c5ccbda0
0x0000006c72efec30:   00007ffa8db9b760 00007ffadbb35d30
0x0000006c72efec40:   00000207c5ccbda8 00007ffb0af342d6
0x0000006c72efec50:   0000633efcab2430 0000020700000000
0x0000006c72efec60:   00000207c5ccbdc8 00000207c5ccbda0
0x0000006c72efec70:   fffffffffffffffe 0000000000000000
0x0000006c72efec80:   0000000000000001 00007ffadbb10000
0x0000006c72efec90:   0000006c72efed08 00007ffb0af341fb
0x0000006c72efeca0:   0000000000000000 0000006c72efed18
0x0000006c72efecb0:   0000006c72efeff0 00007ffb0b010e40
0x0000006c72efecc0:   0000000000000001 00007ffb0af341b4
0x0000006c72efecd0:   0000000000000000 0000000000000001
0x0000006c72efece0:   000000007ffe0385 0000006c72efed08
0x0000006c72efecf0:   0000000000000000 00007ffadbb35bbd
0x0000006c72efed00:   00007ffadbb4d078 00007ffa00000002
0x0000006c72efed10:   0000000000000002 0000006c72efed00
0x0000006c72efed20:   0000000000000000 00007ffb0d6e9993
0x0000006c72efed30:   0000000000000000 00007ffadbb35ce2
0x0000006c72efed40:   0000000000000001 0000000000000000
0x0000006c72efed50:   0000000000000020 0000000000000001
0x0000006c72efed60:   00007ffafa69c300 0000000000000000
0x0000006c72efed70:   0000000000000001 00007ffafa69c820
0x0000006c72efed80:   00007ffadbb10000 000000007ffe0384
0x0000006c72efed90:   0000000000000000 00007ffb0d6e9a1d
0x0000006c72efeda0:   00007ffadbb10000 0000000000000000
0x0000006c72efedb0:   0000000000000001 000000007ffe0385
0x0000006c72efedc0:   0000000000000000 00007ffb0d72f331
0x0000006c72efedd0:   0000ea7de1a0b600 0000000000000014
0x0000006c72efede0:   00007ffadbb35d30 0000000000000000
0x0000006c72efedf0:   0000000000000000 0000006c72238000
0x0000006c72efee00:   00000207c5e106a0 00007ffb0d72f1ca
0x0000006c72efee10:   00000207c5e10ed0 00007ffadbb10000 

Instructions: (pc=0x00007ffadbb38427)
0x00007ffadbb38327:   8b 4d 58 e8 49 cf ff ff 48 8b 4d 60 e8 40 cf ff
0x00007ffadbb38337:   ff 48 8b 95 80 00 00 00 48 8b 8d 18 01 00 00 e8
0x00007ffadbb38347:   26 c5 ff ff 33 d2 33 c9 e8 8c e1 ff ff 90 48 89
0x00007ffadbb38357:   54 24 10 55 48 83 ec 20 48 8b ea 48 b8 00 00 00
0x00007ffadbb38367:   00 00 00 00 00 48 83 c4 20 5d c3 cc 40 55 48 8b
0x00007ffadbb38377:   ea 48 8b 01 33 c9 81 38 05 00 00 c0 0f 94 c1 8b
0x00007ffadbb38387:   c1 5d c3 cc 40 55 48 83 ec 20 48 8b ea 8a 4d 40
0x00007ffadbb38397:   48 83 c4 20 5d e9 33 d3 ff ff cc 40 55 48 83 ec
0x00007ffadbb383a7:   20 48 8b ea 8a 4d 20 e8 21 d3 ff ff 90 48 83 c4
0x00007ffadbb383b7:   20 5d c3 cc 40 55 48 83 ec 20 48 8b ea 48 83 c4
0x00007ffadbb383c7:   20 5d e9 82 d1 ff ff cc 40 55 48 83 ec 30 48 8b
0x00007ffadbb383d7:   ea 48 8b 01 8b 10 48 89 4c 24 28 89 54 24 20 4c
0x00007ffadbb383e7:   8d 0d 23 d6 ff ff 4c 8b 45 70 8b 55 68 48 8b 4d
0x00007ffadbb383f7:   60 e8 c3 d0 ff ff 90 48 83 c4 30 5d c3 cc cc cc
0x00007ffadbb38407:   cc cc cc cc cc cc cc cc cc 40 53 48 83 ec 20 48
0x00007ffadbb38417:   8b 1d 1b 46 01 00 48 85 db 74 16 e8 59 90 ff ff
0x00007ffadbb38427:   4c 8b 00 48 8b d3 48 8b c8 41 ff 90 b0 00 00 00
0x00007ffadbb38437:   90 48 83 c4 20 5b c3 cc cc 40 53 48 83 ec 20 48
0x00007ffadbb38447:   8b 1d 5b 47 01 00 48 85 db 74 57 b8 ff ff ff ff
0x00007ffadbb38457:   f0 0f c1 43 10 83 f8 01 75 3d 48 85 db 74 38 48
0x00007ffadbb38467:   8b 0b 48 85 c9 74 0d ff 15 3c 0e 00 00 48 c7 03
0x00007ffadbb38477:   00 00 00 00 48 8b 4b 08 48 85 c9 74 0d e8 ef cd
0x00007ffadbb38487:   ff ff 48 c7 43 08 00 00 00 00 ba 18 00 00 00 48
0x00007ffadbb38497:   8b cb e8 da cd ff ff 48 c7 05 ff 46 01 00 00 00
0x00007ffadbb384a7:   00 00 48 83 c4 20 5b c3 cc 40 53 48 83 ec 20 48
0x00007ffadbb384b7:   8b 1d cb 46 01 00 48 85 db 74 57 b8 ff ff ff ff
0x00007ffadbb384c7:   f0 0f c1 43 10 83 f8 01 75 3d 48 85 db 74 38 48
0x00007ffadbb384d7:   8b 0b 48 85 c9 74 0d ff 15 cc 0d 00 00 48 c7 03
0x00007ffadbb384e7:   00 00 00 00 48 8b 4b 08 48 85 c9 74 0d e8 7f cd
0x00007ffadbb384f7:   ff ff 48 c7 43 08 00 00 00 00 ba 18 00 00 00 48
0x00007ffadbb38507:   8b cb e8 6a cd ff ff 48 c7 05 6f 46 01 00 00 00
0x00007ffadbb38517:   00 00 48 83 c4 20 5b c3 cc 40 53 48 83 ec 20 48 


Stack slot to memory mapping:

stack at sp + 0 slots: 0x0 is null
stack at sp + 1 slots: 0x00000207c5ccbda0 points into unknown readable memory: 0x5848633e8351ff83 | 83 ff 51 83 3e 63 48 58
stack at sp + 2 slots: 0x00007ffa8db9b760 jvm.dll
stack at sp + 3 slots: 0x00007ffadbb35d30 glass.dll
stack at sp + 4 slots: 0x00000207c5ccbda8 points into unknown readable memory: 0x0000633efcab2430 | 30 24 ab fc 3e 63 00 00
stack at sp + 5 slots: 0x00007ffb0af342d6 ucrtbase.dll
stack at sp + 6 slots: 0x0000633efcab2430 is an unknown value
stack at sp + 7 slots: 0x0000020700000000 is an unknown value

VM_Operation (0x0000006c724ff020): Exit, mode: safepoint, requested by thread 0x00000207c6154c20


---------------  P R O C E S S  ---------------

Threads class SMR info:
_java_thread_list=0x00000207f176e2c0, length=20, elements={
0x00000207c7901560, 0x00000207e6976ef0, 0x00000207e6978e20, 0x00000207e697df00,
0x00000207e697f180, 0x00000207e6989c50, 0x00000207e69ba6d0, 0x00000207e69bb180,
0x00000207e698a2e0, 0x00000207e698a970, 0x00000207e698b000, 0x00000207e698b690,
0x00000207e698ca40, 0x00000207e698bd20, 0x00000207e698d0d0, 0x00000207e698c3b0,
0x00000207c6150a80, 0x00000207c61552b0, 0x00000207c6153870, 0x00000207c6154c20
}

Java Threads: ( => current thread )
  0x00000207c7901560 JavaThread "main"                              [_thread_blocked, id=20908, stack(0x0000006c72700000,0x0000006c72800000) (1024K)]
  0x00000207e6976ef0 JavaThread "Reference Handler"          daemon [_thread_blocked, id=10808, stack(0x0000006c72f00000,0x0000006c73000000) (1024K)]
  0x00000207e6978e20 JavaThread "Finalizer"                  daemon [_thread_blocked, id=14236, stack(0x0000006c73000000,0x0000006c73100000) (1024K)]
  0x00000207e697df00 JavaThread "Attach Listener"            daemon [_thread_blocked, id=18808, stack(0x0000006c73200000,0x0000006c73300000) (1024K)]
  0x00000207e697f180 JavaThread "Service Thread"             daemon [_thread_blocked, id=15312, stack(0x0000006c73300000,0x0000006c73400000) (1024K)]
  0x00000207e6989c50 JavaThread "Monitor Deflation Thread"   daemon [_thread_blocked, id=14476, stack(0x0000006c73400000,0x0000006c73500000) (1024K)]
  0x00000207e69ba6d0 JavaThread "C2 CompilerThread0"         daemon [_thread_blocked, id=3700, stack(0x0000006c73500000,0x0000006c73600000) (1024K)]
  0x00000207e69bb180 JavaThread "C1 CompilerThread0"         daemon [_thread_blocked, id=18280, stack(0x0000006c73600000,0x0000006c73700000) (1024K)]
  0x00000207e698a2e0 JavaThread "Common-Cleaner"             daemon [_thread_blocked, id=19560, stack(0x0000006c73700000,0x0000006c73800000) (1024K)]
  0x00000207e698a970 JavaThread "Monitor Ctrl-Break"         daemon [_thread_in_native, id=2180, stack(0x0000006c73a00000,0x0000006c73b00000) (1024K)]
  0x00000207e698b000 JavaThread "Notification Thread"        daemon [_thread_blocked, id=18652, stack(0x0000006c73b00000,0x0000006c73c00000) (1024K)]
  0x00000207e698b690 JavaThread "QuantumRenderer-0"          daemon [_thread_blocked, id=13428, stack(0x0000006c73c00000,0x0000006c73d00000) (1024K)]
  0x00000207e698ca40 JavaThread "InvokeLaterDispatcher"      daemon [_thread_blocked, id=17756, stack(0x0000006c73d00000,0x0000006c73e00000) (1024K)]
  0x00000207e698bd20 JavaThread "JavaFX Application Thread"         [_thread_in_native, id=16408, stack(0x0000006c73e00000,0x0000006c73f00000) (1024K)]
  0x00000207e698d0d0 JavaThread "Thread-1"                   daemon [_thread_in_native, id=13296, stack(0x0000006c74200000,0x0000006c74300000) (1024K)]
  0x00000207e698c3b0 JavaThread "JavaFX-Launcher"                   [_thread_blocked, id=19328, stack(0x0000006c74300000,0x0000006c74400000) (1024K)]
  0x00000207c6150a80 JavaThread "mysql-cj-abandoned-connection-cleanup" daemon [_thread_blocked, id=17912, stack(0x0000006c74900000,0x0000006c74a00000) (1024K)]
  0x00000207c61552b0 JavaThread "Prism Font Disposer"        daemon [_thread_blocked, id=8008, stack(0x0000006c74c00000,0x0000006c74d00000) (1024K)]
  0x00000207c6153870 JavaThread "Cleaner-0"                  daemon [_thread_blocked, id=14076, stack(0x0000006c75000000,0x0000006c75100000) (1024K)]
  0x00000207c6154c20 JavaThread "SIGINT handler"             daemon [_thread_blocked, id=15872, stack(0x0000006c72400000,0x0000006c72500000) (1024K)]
Total: 20

Other Threads:
=>0x00000207e695e070 VMThread "VM Thread"                           [id=14736, stack(0x0000006c72e00000,0x0000006c72f00000) (1024K)]
  0x00000207c9c56330 WorkerThread "GC Thread#0"                     [id=19960, stack(0x0000006c72800000,0x0000006c72900000) (1024K)]
  0x00000207c5febb80 WorkerThread "GC Thread#1"                     [id=9612, stack(0x0000006c74400000,0x0000006c74500000) (1024K)]
  0x00000207c5fec690 WorkerThread "GC Thread#2"                     [id=17876, stack(0x0000006c74500000,0x0000006c74600000) (1024K)]
  0x00000207c5febf30 WorkerThread "GC Thread#3"                     [id=4508, stack(0x0000006c74600000,0x0000006c74700000) (1024K)]
  0x00000207c5feb070 WorkerThread "GC Thread#4"                     [id=14064, stack(0x0000006c74700000,0x0000006c74800000) (1024K)]
  0x00000207c5feacc0 WorkerThread "GC Thread#5"                     [id=17440, stack(0x0000006c74800000,0x0000006c74900000) (1024K)]
  0x00000207c5fe9a50 WorkerThread "GC Thread#6"                     [id=11548, stack(0x0000006c74a00000,0x0000006c74b00000) (1024K)]
  0x00000207c5fe9e00 WorkerThread "GC Thread#7"                     [id=4956, stack(0x0000006c74b00000,0x0000006c74c00000) (1024K)]
  0x00000207c9c6af40 ConcurrentGCThread "G1 Main Marker"            terminated
  0x00000207c9c6c1f0 WorkerThread "G1 Conc#0"                       [id=16672, stack(0x0000006c72a00000,0x0000006c72b00000) (1024K)]
  0x00000207c6bb5bf0 WorkerThread "G1 Conc#1"                       [id=1548, stack(0x0000006c75100000,0x0000006c75200000) (1024K)]
  0x00000207c9cce3e0 ConcurrentGCThread "G1 Refine#0"               terminated
  0x00000207e681f150 ConcurrentGCThread "G1 Service"                terminated
Total: 14

Threads with active compile tasks:
Total: 0

VM state: at safepoint (shutting down)

VM Mutex/Monitor currently owned by a thread:  ([mutex/lock_event])
[0x00007ffa8db73910] Threads_lock - owner thread: 0x00000207e695e070
[0x00007ffa8db73a10] Heap_lock - owner thread: 0x00000207c6154c20

Heap address: 0x0000000082600000, size: 2010 MB, Compressed Oops mode: 32-bit

CDS archive(s) mapped at: [0x0000020780000000-0x0000020780d70000-0x0000020780d70000), size 14090240, SharedBaseAddress: 0x0000020780000000, ArchiveRelocationMode: 1.
Compressed class space mapped at: 0x0000020781000000-0x00000207c1000000, reserved size: 1073741824
Narrow klass base: 0x0000020780000000, Narrow klass shift: 0, Narrow klass range: 0x41000000

GC Precious Log:
 CardTable entry size: 512
 Card Set container configuration: InlinePtr #cards 5 size 8 Array Of Cards #cards 10 size 36 Howl #buckets 4 coarsen threshold 1843 Howl Bitmap #cards 512 size 80 coarsen threshold 460 Card regions per heap region 1 cards per card region 2048
 CPUs: 8 total, 8 available
 Memory: 8039M
 Large Page Support: Disabled
 NUMA Support: Disabled
 Compressed Oops: Enabled (32-bit)
 Heap Region Size: 1M
 Heap Min Capacity: 8M
 Heap Initial Capacity: 126M
 Heap Max Capacity: 2010M
 Pre-touch: Disabled
 Parallel Workers: 8
 Concurrent Workers: 2
 Concurrent Refinement Workers: 8
 Periodic GC: Disabled

Heap:
 garbage-first heap   total reserved 2058240K, committed 60416K, used 21229K [0x0000000082600000, 0x0000000100000000)
  region size 1024K, 8 young (8192K), 4 survivors (4096K)
 Metaspace       used 24905K, committed 25344K, reserved 1114112K
  class space    used 3702K, committed 3904K, reserved 1048576K

Heap Regions: E=young(eden), S=young(survivor), O=old, HS=humongous(starts), HC=humongous(continues), CS=collection set, F=free, TAMS=top-at-mark-start, PB=parsable bottom
|   0|0x0000000082600000, 0x0000000082700000, 0x0000000082700000|100%| O|  |TAMS 0x0000000082600000| PB 0x0000000082600000| Untracked |  0
|   1|0x0000000082700000, 0x0000000082800000, 0x0000000082800000|100%| O|  |TAMS 0x0000000082700000| PB 0x0000000082700000| Untracked |  1
|   2|0x0000000082800000, 0x0000000082900000, 0x0000000082900000|100%| O|  |TAMS 0x0000000082800000| PB 0x0000000082800000| Untracked |  0
|   3|0x0000000082900000, 0x0000000082a00000, 0x0000000082a00000|100%|HS|  |TAMS 0x0000000082900000| PB 0x0000000082900000| Complete |  0
|   4|0x0000000082a00000, 0x0000000082b00000, 0x0000000082b00000|100%|HC|  |TAMS 0x0000000082a00000| PB 0x0000000082a00000| Complete |  0
|   5|0x0000000082b00000, 0x0000000082beb300, 0x0000000082c00000| 91%| O|  |TAMS 0x0000000082b00000| PB 0x0000000082b00000| Untracked |  0
|   6|0x0000000082c00000, 0x0000000082c00000, 0x0000000082d00000|  0%| F|  |TAMS 0x0000000082c00000| PB 0x0000000082c00000| Untracked |  0
|   7|0x0000000082d00000, 0x0000000082d00000, 0x0000000082e00000|  0%| F|  |TAMS 0x0000000082d00000| PB 0x0000000082d00000| Untracked |  0
|   8|0x0000000082e00000, 0x0000000082e00000, 0x0000000082f00000|  0%| F|  |TAMS 0x0000000082e00000| PB 0x0000000082e00000| Untracked |  0
|   9|0x0000000082f00000, 0x0000000082f00000, 0x0000000083000000|  0%| F|  |TAMS 0x0000000082f00000| PB 0x0000000082f00000| Untracked |  0
|  10|0x0000000083000000, 0x0000000083000000, 0x0000000083100000|  0%| F|  |TAMS 0x0000000083000000| PB 0x0000000083000000| Untracked |  0
|  11|0x0000000083100000, 0x0000000083100000, 0x0000000083200000|  0%| F|  |TAMS 0x0000000083100000| PB 0x0000000083100000| Untracked |  0
|  12|0x0000000083200000, 0x0000000083200000, 0x0000000083300000|  0%| F|  |TAMS 0x0000000083200000| PB 0x0000000083200000| Untracked |  0
|  13|0x0000000083300000, 0x0000000083300000, 0x0000000083400000|  0%| F|  |TAMS 0x0000000083300000| PB 0x0000000083300000| Untracked |  0
|  14|0x0000000083400000, 0x0000000083400000, 0x0000000083500000|  0%| F|  |TAMS 0x0000000083400000| PB 0x0000000083400000| Untracked |  0
|  15|0x0000000083500000, 0x0000000083500000, 0x0000000083600000|  0%| F|  |TAMS 0x0000000083500000| PB 0x0000000083500000| Untracked |  0
|  16|0x0000000083600000, 0x0000000083600000, 0x0000000083700000|  0%| F|  |TAMS 0x0000000083600000| PB 0x0000000083600000| Untracked |  0
|  17|0x0000000083700000, 0x0000000083700000, 0x0000000083800000|  0%| F|  |TAMS 0x0000000083700000| PB 0x0000000083700000| Untracked |  0
|  18|0x0000000083800000, 0x0000000083800000, 0x0000000083900000|  0%| F|  |TAMS 0x0000000083800000| PB 0x0000000083800000| Untracked |  0
|  19|0x0000000083900000, 0x0000000083900000, 0x0000000083a00000|  0%| F|  |TAMS 0x0000000083900000| PB 0x0000000083900000| Untracked |  0
|  20|0x0000000083a00000, 0x0000000083a00000, 0x0000000083b00000|  0%| F|  |TAMS 0x0000000083a00000| PB 0x0000000083a00000| Untracked |  0
|  21|0x0000000083b00000, 0x0000000083b00000, 0x0000000083c00000|  0%| F|  |TAMS 0x0000000083b00000| PB 0x0000000083b00000| Untracked |  0
|  22|0x0000000083c00000, 0x0000000083c00000, 0x0000000083d00000|  0%| F|  |TAMS 0x0000000083c00000| PB 0x0000000083c00000| Untracked |  0
|  23|0x0000000083d00000, 0x0000000083d00000, 0x0000000083e00000|  0%| F|  |TAMS 0x0000000083d00000| PB 0x0000000083d00000| Untracked |  0
|  24|0x0000000083e00000, 0x0000000083e00000, 0x0000000083f00000|  0%| F|  |TAMS 0x0000000083e00000| PB 0x0000000083e00000| Untracked |  0
|  25|0x0000000083f00000, 0x0000000083f00000, 0x0000000084000000|  0%| F|  |TAMS 0x0000000083f00000| PB 0x0000000083f00000| Untracked |  0
|  26|0x0000000084000000, 0x0000000084000000, 0x0000000084100000|  0%| F|  |TAMS 0x0000000084000000| PB 0x0000000084000000| Untracked |  0
|  27|0x0000000084100000, 0x0000000084100000, 0x0000000084200000|  0%| F|  |TAMS 0x0000000084100000| PB 0x0000000084100000| Untracked |  0
|  28|0x0000000084200000, 0x0000000084200000, 0x0000000084300000|  0%| F|  |TAMS 0x0000000084200000| PB 0x0000000084200000| Untracked |  0
|  29|0x0000000084300000, 0x0000000084300000, 0x0000000084400000|  0%| F|  |TAMS 0x0000000084300000| PB 0x0000000084300000| Untracked |  0
|  30|0x0000000084400000, 0x0000000084400000, 0x0000000084500000|  0%| F|  |TAMS 0x0000000084400000| PB 0x0000000084400000| Untracked |  0
|  31|0x0000000084500000, 0x0000000084500000, 0x0000000084600000|  0%| F|  |TAMS 0x0000000084500000| PB 0x0000000084500000| Untracked |  0
|  32|0x0000000084600000, 0x0000000084600000, 0x0000000084700000|  0%| F|  |TAMS 0x0000000084600000| PB 0x0000000084600000| Untracked |  0
|  33|0x0000000084700000, 0x0000000084700000, 0x0000000084800000|  0%| F|  |TAMS 0x0000000084700000| PB 0x0000000084700000| Untracked |  0
|  34|0x0000000084800000, 0x0000000084800000, 0x0000000084900000|  0%| F|  |TAMS 0x0000000084800000| PB 0x0000000084800000| Untracked |  0
|  35|0x0000000084900000, 0x0000000084900000, 0x0000000084a00000|  0%| F|  |TAMS 0x0000000084900000| PB 0x0000000084900000| Untracked |  0
|  36|0x0000000084a00000, 0x0000000084a00000, 0x0000000084b00000|  0%| F|  |TAMS 0x0000000084a00000| PB 0x0000000084a00000| Untracked |  0
|  37|0x0000000084b00000, 0x0000000084b00000, 0x0000000084c00000|  0%| F|  |TAMS 0x0000000084b00000| PB 0x0000000084b00000| Untracked |  0
|  38|0x0000000084c00000, 0x0000000084d00000, 0x0000000084d00000|100%| S|CS|TAMS 0x0000000084c00000| PB 0x0000000084c00000| Complete |  0
|  39|0x0000000084d00000, 0x0000000084e00000, 0x0000000084e00000|100%| S|CS|TAMS 0x0000000084d00000| PB 0x0000000084d00000| Complete |  0
|  40|0x0000000084e00000, 0x0000000084f00000, 0x0000000084f00000|100%| S|CS|TAMS 0x0000000084e00000| PB 0x0000000084e00000| Complete |  0
|  41|0x0000000084f00000, 0x0000000085000000, 0x0000000085000000|100%| S|CS|TAMS 0x0000000084f00000| PB 0x0000000084f00000| Complete |  0
|  62|0x0000000086400000, 0x0000000086400000, 0x0000000086500000|  0%| F|  |TAMS 0x0000000086400000| PB 0x0000000086400000| Untracked |  0
|  63|0x0000000086500000, 0x0000000086500000, 0x0000000086600000|  0%| F|  |TAMS 0x0000000086500000| PB 0x0000000086500000| Untracked |  0
|  64|0x0000000086600000, 0x0000000086600000, 0x0000000086700000|  0%| F|  |TAMS 0x0000000086600000| PB 0x0000000086600000| Untracked |  0
|  65|0x0000000086700000, 0x0000000086700000, 0x0000000086800000|  0%| F|  |TAMS 0x0000000086700000| PB 0x0000000086700000| Untracked |  0
|  66|0x0000000086800000, 0x0000000086800000, 0x0000000086900000|  0%| F|  |TAMS 0x0000000086800000| PB 0x0000000086800000| Untracked |  0
|  67|0x0000000086900000, 0x0000000086936e18, 0x0000000086a00000| 21%| E|  |TAMS 0x0000000086900000| PB 0x0000000086900000| Complete |  0
|  68|0x0000000086a00000, 0x0000000086b00000, 0x0000000086b00000|100%| E|CS|TAMS 0x0000000086a00000| PB 0x0000000086a00000| Complete |  0
|  69|0x0000000086b00000, 0x0000000086c00000, 0x0000000086c00000|100%| E|CS|TAMS 0x0000000086b00000| PB 0x0000000086b00000| Complete |  0
| 125|0x000000008a300000, 0x000000008a400000, 0x000000008a400000|100%| E|CS|TAMS 0x000000008a300000| PB 0x000000008a300000| Complete |  0
|2002|0x00000000ff800000, 0x00000000ff8d0410, 0x00000000ff900000| 81%| O|  |TAMS 0x00000000ff800000| PB 0x00000000ff800000| Untracked |  0
|2003|0x00000000ff900000, 0x00000000ffa00000, 0x00000000ffa00000|100%| O|  |TAMS 0x00000000ff900000| PB 0x00000000ff900000| Untracked |  0
|2004|0x00000000ffa00000, 0x00000000ffb00000, 0x00000000ffb00000|100%| O|  |TAMS 0x00000000ffa00000| PB 0x00000000ffa00000| Untracked |  0
|2005|0x00000000ffb00000, 0x00000000ffc00000, 0x00000000ffc00000|100%| O|  |TAMS 0x00000000ffb00000| PB 0x00000000ffb00000| Untracked |  0
|2006|0x00000000ffc00000, 0x00000000ffd00000, 0x00000000ffd00000|100%| O|  |TAMS 0x00000000ffc00000| PB 0x00000000ffc00000| Untracked |  0
|2007|0x00000000ffd00000, 0x00000000ffe00000, 0x00000000ffe00000|100%| O|  |TAMS 0x00000000ffd00000| PB 0x00000000ffd00000| Untracked |  0
|2008|0x00000000ffe00000, 0x00000000fff00000, 0x00000000fff00000|100%| O|  |TAMS 0x00000000ffe00000| PB 0x00000000ffe00000| Untracked |  0
|2009|0x00000000fff00000, 0x0000000100000000, 0x0000000100000000|100%| O|  |TAMS 0x00000000fff00000| PB 0x00000000fff00000| Untracked |  0

Card table byte_map: [0x00000207e1b70000,0x00000207e1f60000] _byte_map_base: 0x00000207e175d000

Marking Bits: (CMBitMap*) 0x00000207c9c56a40
 Bits: [0x00000207e1f60000, 0x00000207e3ec8000)

Polling page: 0x00000207c7b00000

Metaspace:

Usage:
  Non-class:     20.71 MB used.
      Class:      3.62 MB used.
       Both:     24.32 MB used.

Virtual space:
  Non-class space:       64.00 MB reserved,      20.94 MB ( 33%) committed,  1 nodes.
      Class space:        1.00 GB reserved,       3.81 MB ( <1%) committed,  1 nodes.
             Both:        1.06 GB reserved,      24.75 MB (  2%) committed. 

Chunk freelists:
   Non-Class:  10.80 MB
       Class:  12.16 MB
        Both:  22.95 MB

MaxMetaspaceSize: unlimited
CompressedClassSpaceSize: 1.00 GB
Initial GC threshold: 21.00 MB
Current GC threshold: 35.12 MB
CDS: on
 - commit_granule_bytes: 65536.
 - commit_granule_words: 8192.
 - virtual_space_node_default_size: 8388608.
 - enlarge_chunks_in_place: 1.
 - use_allocation_guard: 0.


Internal statistics:

num_allocs_failed_limit: 3.
num_arena_births: 490.
num_arena_deaths: 0.
num_vsnodes_births: 2.
num_vsnodes_deaths: 0.
num_space_committed: 396.
num_space_uncommitted: 0.
num_chunks_returned_to_freelist: 3.
num_chunks_taken_from_freelist: 1278.
num_chunk_merges: 3.
num_chunk_splits: 904.
num_chunks_enlarged: 670.
num_inconsistent_stats: 0.

CodeHeap 'non-profiled nmethods': size=120064Kb used=2263Kb max_used=2263Kb free=117800Kb
 bounds [0x00000207d9e00000, 0x00000207da070000, 0x00000207e1340000]
CodeHeap 'profiled nmethods': size=120000Kb used=8298Kb max_used=8298Kb free=111702Kb
 bounds [0x00000207d2340000, 0x00000207d2b60000, 0x00000207d9870000]
CodeHeap 'non-nmethods': size=5696Kb used=1920Kb max_used=1971Kb free=3775Kb
 bounds [0x00000207d9870000, 0x00000207d9ae0000, 0x00000207d9e00000]
CodeCache: size=245760Kb, used=12481Kb, max_used=12532Kb, free=233277Kb
 total_blobs=6301, nmethods=5357, adapters=847, full_count=0
Compilation: enabled, stopped_count=0, restarted_count=0

Compilation events (20 events):
Event: 6.129 Thread 0x00000207e69ba6d0 nmethod 5350 0x00000207da02d908 code [0x00000207da02db00, 0x00000207da02e298]
Event: 6.228 Thread 0x00000207ec248ac0 nmethod 5348 0x00000207da02e388 code [0x00000207da02eb20, 0x00000207da034ec0]
Event: 6.794 Thread 0x00000207e69bb180 5351       3       com.sun.javafx.tk.quantum.QuantumToolkit$$Lambda/0x000002078103e670::run (8 bytes)
Event: 6.794 Thread 0x00000207e69bb180 nmethod 5351 0x00000207d2b58408 code [0x00000207d2b58580, 0x00000207d2b58928]
Event: 6.794 Thread 0x00000207e69bb180 5352   !   3       com.sun.javafx.tk.quantum.QuantumToolkit::lambda$runToolkit$12 (16 bytes)
Event: 6.794 Thread 0x00000207e69bb180 nmethod 5352 0x00000207d2b58988 code [0x00000207d2b58ae0, 0x00000207d2b58e20]
Event: 85.866 Thread 0x00000207e69ba6d0 5353       4       com.sun.javafx.tk.quantum.QuantumToolkit::postPulse (133 bytes)
Event: 85.868 Thread 0x00000207e69ba6d0 nmethod 5353 0x00000207da035088 code [0x00000207da0351e0, 0x00000207da0354b0]
Event: 88.714 Thread 0x00000207e69ba6d0 5354       4       com.sun.javafx.tk.quantum.QuantumToolkit$$Lambda/0x000002078103e670::run (8 bytes)
Event: 88.716 Thread 0x00000207e69ba6d0 nmethod 5354 0x00000207da035588 code [0x00000207da0356e0, 0x00000207da0359f0]
Event: 166.407 Thread 0x00000207e69bb180 5355       3       java.util.concurrent.locks.LockSupport::setBlocker (12 bytes)
Event: 166.407 Thread 0x00000207e69bb180 nmethod 5355 0x00000207d2b58e88 code [0x00000207d2b58fa0, 0x00000207d2b591a8]
Event: 176.409 Thread 0x00000207e69bb180 5356   !   3       java.util.concurrent.locks.AbstractQueuedSynchronizer$ConditionObject::newConditionNode (78 bytes)
Event: 176.410 Thread 0x00000207e69bb180 nmethod 5356 0x00000207d2b59208 code [0x00000207d2b593e0, 0x00000207d2b59bb8]
Event: 176.410 Thread 0x00000207e69bb180 5357       3       java.util.concurrent.locks.AbstractQueuedSynchronizer$ConditionNode::<init> (5 bytes)
Event: 176.410 Thread 0x00000207e69bb180 nmethod 5357 0x00000207d2b59c08 code [0x00000207d2b59d20, 0x00000207d2b59ee8]
Event: 176.410 Thread 0x00000207e69bb180 5358       3       java.util.concurrent.locks.AbstractQueuedSynchronizer$ConditionObject::enableWait (84 bytes)
Event: 176.410 Thread 0x00000207e69bb180 nmethod 5358 0x00000207d2b59f08 code [0x00000207d2b5a0a0, 0x00000207d2b5a7d8]
Event: 296.758 Thread 0x00000207e69bb180 5359       1       java.util.logging.LogManager$LoggerContext::getOwner (5 bytes)
Event: 296.758 Thread 0x00000207e69bb180 nmethod 5359 0x00000207da035b08 code [0x00000207da035c20, 0x00000207da035ce8]

GC Heap History (8 events):
Event: 0.706 GC heap before
{Heap before GC invocations=0 (full 0):
 garbage-first heap   total reserved 2058240K, committed 129024K, used 23552K [0x0000000082600000, 0x0000000100000000)
  region size 1024K, 24 young (24576K), 0 survivors (0K)
 Metaspace       used 5227K, committed 5440K, reserved 1114112K
  class space    used 601K, committed 704K, reserved 1048576K
}
Event: 0.710 GC heap after
{Heap after GC invocations=1 (full 0):
 garbage-first heap   total reserved 2058240K, committed 129024K, used 2943K [0x0000000082600000, 0x0000000100000000)
  region size 1024K, 3 young (3072K), 3 survivors (3072K)
 Metaspace       used 5227K, committed 5440K, reserved 1114112K
  class space    used 601K, committed 704K, reserved 1048576K
}
Event: 1.373 GC heap before
{Heap before GC invocations=1 (full 0):
 garbage-first heap   total reserved 2058240K, committed 129024K, used 26495K [0x0000000082600000, 0x0000000100000000)
  region size 1024K, 27 young (27648K), 3 survivors (3072K)
 Metaspace       used 11531K, committed 11776K, reserved 1114112K
  class space    used 1298K, committed 1408K, reserved 1048576K
}
Event: 1.379 GC heap after
{Heap after GC invocations=2 (full 0):
 garbage-first heap   total reserved 2058240K, committed 129024K, used 7010K [0x0000000082600000, 0x0000000100000000)
  region size 1024K, 4 young (4096K), 4 survivors (4096K)
 Metaspace       used 11531K, committed 11776K, reserved 1114112K
  class space    used 1298K, committed 1408K, reserved 1048576K
}
Event: 2.297 GC heap before
{Heap before GC invocations=2 (full 0):
 garbage-first heap   total reserved 2058240K, committed 129024K, used 60258K [0x0000000082600000, 0x0000000100000000)
  region size 1024K, 56 young (57344K), 4 survivors (4096K)
 Metaspace       used 21057K, committed 21504K, reserved 1114112K
  class space    used 3043K, committed 3264K, reserved 1048576K
}
Event: 2.304 GC heap after
{Heap after GC invocations=3 (full 0):
 garbage-first heap   total reserved 2058240K, committed 129024K, used 14252K [0x0000000082600000, 0x0000000100000000)
  region size 1024K, 8 young (8192K), 8 survivors (8192K)
 Metaspace       used 21057K, committed 21504K, reserved 1114112K
  class space    used 3043K, committed 3264K, reserved 1048576K
}
Event: 5.881 GC heap before
{Heap before GC invocations=4 (full 0):
 garbage-first heap   total reserved 2058240K, committed 48128K, used 48044K [0x0000000082600000, 0x0000000100000000)
  region size 1024K, 41 young (41984K), 8 survivors (8192K)
 Metaspace       used 24814K, committed 25280K, reserved 1114112K
  class space    used 3698K, committed 3904K, reserved 1048576K
}
Event: 5.890 GC heap after
{Heap after GC invocations=5 (full 0):
 garbage-first heap   total reserved 2058240K, committed 60416K, used 18157K [0x0000000082600000, 0x0000000100000000)
  region size 1024K, 4 young (4096K), 4 survivors (4096K)
 Metaspace       used 24814K, committed 25280K, reserved 1114112K
  class space    used 3698K, committed 3904K, reserved 1048576K
}

Dll operation events (20 events):
Event: 0.417 Loaded shared library C:\Users\ADMIN\.openjfx\cache\23+29\amd64\api-ms-win-crt-multibyte-l1-1-0.dll
Event: 0.419 Loaded shared library C:\Users\ADMIN\.openjfx\cache\23+29\amd64\api-ms-win-crt-private-l1-1-0.dll
Event: 0.422 Loaded shared library C:\Users\ADMIN\.openjfx\cache\23+29\amd64\api-ms-win-crt-process-l1-1-0.dll
Event: 0.424 Loaded shared library C:\Users\ADMIN\.openjfx\cache\23+29\amd64\api-ms-win-crt-runtime-l1-1-0.dll
Event: 0.427 Loaded shared library C:\Users\ADMIN\.openjfx\cache\23+29\amd64\api-ms-win-crt-stdio-l1-1-0.dll
Event: 0.429 Loaded shared library C:\Users\ADMIN\.openjfx\cache\23+29\amd64\api-ms-win-crt-string-l1-1-0.dll
Event: 0.431 Loaded shared library C:\Users\ADMIN\.openjfx\cache\23+29\amd64\api-ms-win-crt-time-l1-1-0.dll
Event: 0.434 Loaded shared library C:\Users\ADMIN\.openjfx\cache\23+29\amd64\api-ms-win-crt-utility-l1-1-0.dll
Event: 0.450 Loaded shared library C:\Users\ADMIN\.openjfx\cache\23+29\amd64\ucrtbase.dll
Event: 0.454 Loaded shared library C:\Users\ADMIN\.openjfx\cache\23+29\amd64\vcruntime140.dll
Event: 0.458 Loaded shared library C:\Users\ADMIN\.openjfx\cache\23+29\amd64\vcruntime140_1.dll
Event: 0.469 Loaded shared library C:\Users\ADMIN\.openjfx\cache\23+29\amd64\msvcp140.dll
Event: 0.472 Loaded shared library C:\Users\ADMIN\.openjfx\cache\23+29\amd64\msvcp140_1.dll
Event: 0.478 Loaded shared library C:\Users\ADMIN\.openjfx\cache\23+29\amd64\msvcp140_2.dll
Event: 0.521 Loaded shared library C:\Users\ADMIN\.openjfx\cache\23+29\amd64\prism_d3d.dll
Event: 0.558 Loaded shared library C:\Users\ADMIN\.openjfx\cache\23+29\amd64\glass.dll
Event: 0.694 Loaded shared library C:\Users\ADMIN\.jdks\openjdk-23.0.1\bin\jimage.dll
Event: 0.731 Loaded shared library C:\Users\ADMIN\.jdks\openjdk-23.0.1\bin\verify.dll
Event: 1.082 Loaded shared library C:\Users\ADMIN\.jdks\openjdk-23.0.1\bin\prefs.dll
Event: 1.460 Loaded shared library C:\Users\ADMIN\.openjfx\cache\23+29\amd64\javafx_font.dll

Deoptimization events (20 events):
Event: 4.823 Thread 0x00000207e698b690 Uncommon trap: trap_request=0xffffffbe fr.pc=0x00000207da017be8 relative=0x0000000000001588
Event: 4.823 Thread 0x00000207e698b690 Uncommon trap: reason=profile_predicate action=maybe_recompile pc=0x00000207da017be8 method=com.sun.prism.impl.ps.PaintHelper.setMultiGradient(Lcom/sun/prism/ps/Shader;Lcom/sun/prism/paint/Gradient;)V @ 24 c2
Event: 4.823 Thread 0x00000207e698b690 DEOPT PACKING pc=0x00000207da017be8 sp=0x0000006c73cfd9c0
Event: 4.823 Thread 0x00000207e698b690 DEOPT UNPACKING pc=0x00000207d98c4402 sp=0x0000006c73cfd980 mode 2
Event: 4.823 Thread 0x00000207e698b690 Uncommon trap: trap_request=0xffffffbe fr.pc=0x00000207da017be8 relative=0x0000000000001588
Event: 4.823 Thread 0x00000207e698b690 Uncommon trap: reason=profile_predicate action=maybe_recompile pc=0x00000207da017be8 method=com.sun.prism.impl.ps.PaintHelper.setMultiGradient(Lcom/sun/prism/ps/Shader;Lcom/sun/prism/paint/Gradient;)V @ 24 c2
Event: 4.823 Thread 0x00000207e698b690 DEOPT PACKING pc=0x00000207da017be8 sp=0x0000006c73cfd9c0
Event: 4.823 Thread 0x00000207e698b690 DEOPT UNPACKING pc=0x00000207d98c4402 sp=0x0000006c73cfd980 mode 2
Event: 4.824 Thread 0x00000207e698b690 Uncommon trap: trap_request=0xffffffbe fr.pc=0x00000207da017be8 relative=0x0000000000001588
Event: 4.824 Thread 0x00000207e698b690 Uncommon trap: reason=profile_predicate action=maybe_recompile pc=0x00000207da017be8 method=com.sun.prism.impl.ps.PaintHelper.setMultiGradient(Lcom/sun/prism/ps/Shader;Lcom/sun/prism/paint/Gradient;)V @ 24 c2
Event: 4.824 Thread 0x00000207e698b690 DEOPT PACKING pc=0x00000207da017be8 sp=0x0000006c73cfd110
Event: 4.824 Thread 0x00000207e698b690 DEOPT UNPACKING pc=0x00000207d98c4402 sp=0x0000006c73cfd0d0 mode 2
Event: 6.079 Thread 0x00000207e698b690 Uncommon trap: trap_request=0xffffff45 fr.pc=0x00000207d9f45ebc relative=0x0000000000000edc
Event: 6.079 Thread 0x00000207e698b690 Uncommon trap: reason=unstable_if action=reinterpret pc=0x00000207d9f45ebc method=java.util.concurrent.ConcurrentHashMap.putVal(Ljava/lang/Object;Ljava/lang/Object;Z)Ljava/lang/Object; @ 401 c2
Event: 6.079 Thread 0x00000207e698b690 DEOPT PACKING pc=0x00000207d9f45ebc sp=0x0000006c73cfe1d0
Event: 6.079 Thread 0x00000207e698b690 DEOPT UNPACKING pc=0x00000207d98c4402 sp=0x0000006c73cfe150 mode 2
Event: 6.116 Thread 0x00000207e698b690 Uncommon trap: trap_request=0xffffff45 fr.pc=0x00000207da0205d0 relative=0x00000000000000b0
Event: 6.116 Thread 0x00000207e698b690 Uncommon trap: reason=unstable_if action=reinterpret pc=0x00000207da0205d0 method=com.sun.prism.d3d.D3DTextureResource.isValid()Z @ 4 c2
Event: 6.116 Thread 0x00000207e698b690 DEOPT PACKING pc=0x00000207da0205d0 sp=0x0000006c73cfd090
Event: 6.116 Thread 0x00000207e698b690 DEOPT UNPACKING pc=0x00000207d98c4402 sp=0x0000006c73cfd018 mode 2

Classes loaded (20 events):
Event: 2.282 Loading class sun/misc/Unsafe$MemoryAccessOption
Event: 2.282 Loading class sun/misc/Unsafe$MemoryAccessOption done
Event: 2.282 Loading class java/lang/invoke/DirectMethodHandle$StaticAccessor
Event: 2.282 Loading class java/lang/invoke/DirectMethodHandle$StaticAccessor done
Event: 2.385 Loading class java/lang/FdLibm$Cbrt
Event: 2.385 Loading class java/lang/FdLibm$Cbrt done
Event: 2.393 Loading class java/util/Vector$1
Event: 2.394 Loading class java/util/Vector$1 done
Event: 3.760 Loading class sun/reflect/generics/tree/BottomSignature
Event: 3.760 Loading class sun/reflect/generics/tree/BottomSignature done
Event: 3.760 Loading class sun/reflect/generics/tree/Wildcard
Event: 3.760 Loading class sun/reflect/generics/tree/Wildcard done
Event: 3.760 Loading class sun/reflect/generics/reflectiveObjects/WildcardTypeImpl
Event: 3.760 Loading class java/lang/reflect/WildcardType
Event: 3.760 Loading class java/lang/reflect/WildcardType done
Event: 3.760 Loading class sun/reflect/generics/reflectiveObjects/WildcardTypeImpl done
Event: 3.998 Loading class java/lang/FdLibm$Atan
Event: 3.998 Loading class java/lang/FdLibm$Atan done
Event: 296.756 Loading class jdk/internal/misc/Signal$1
Event: 296.757 Loading class jdk/internal/misc/Signal$1 done

Classes unloaded (0 events):
No events

Classes redefined (0 events):
No events

Internal exceptions (20 events):
Event: 1.668 Thread 0x00000207e698bd20 Exception <a 'java/lang/ClassNotFoundException'{0x0000000089077e48}: com/sun/javafx/scene/control/skin/resources/controls_en_US> (0x0000000089077e48) 
thrown [s\open\src\hotspot\share\prims\jni.cpp, line 539]
Event: 1.671 Thread 0x00000207e698bd20 Exception <a 'java/lang/NoSuchMethodError'{0x0000000089097008}: 'void java.lang.invoke.DirectMethodHandle$Holder.invokeSpecialIFC(java.lang.Object, java.lang.Object, java.lang.Object)'> (0x0000000089097008) 
thrown [s\open\src\hotspot\share\interpreter\linkResolver.cpp, line 796]
Event: 1.721 Thread 0x00000207e698bd20 Exception <a 'java/io/FileNotFoundException'{0x0000000088cc2258}> (0x0000000088cc2258) 
thrown [s\open\src\hotspot\share\prims\jni.cpp, line 520]
Event: 1.824 Thread 0x00000207e698bd20 Implicit null exception at 0x00000207d9e2ce56 to 0x00000207d9e2cf06
Event: 1.876 Thread 0x00000207e698bd20 Exception <a 'java/lang/IncompatibleClassChangeError'{0x0000000087e6c9e8}: Found class java.lang.Object, but interface was expected> (0x0000000087e6c9e8) 
thrown [s\open\src\hotspot\share\interpreter\linkResolver.cpp, line 863]
Event: 2.043 Thread 0x00000207e698bd20 Exception <a 'java/lang/NoSuchMethodError'{0x00000000877ac788}: 'int java.lang.invoke.DirectMethodHandle$Holder.invokeSpecial(java.lang.Object, java.lang.Object, int)'> (0x00000000877ac788) 
thrown [s\open\src\hotspot\share\interpreter\linkResolver.cpp, line 796]
Event: 2.129 Thread 0x00000207e698bd20 Exception <a 'java/lang/NoSuchMethodError'{0x000000008749e830}: 'java.lang.Object java.lang.invoke.DirectMethodHandle$Holder.newInvokeSpecial(java.lang.Object, java.lang.Object, int)'> (0x000000008749e830) 
thrown [s\open\src\hotspot\share\interpreter\linkResolver.cpp, line 796]
Event: 2.146 Thread 0x00000207e698bd20 Exception <a 'java/lang/NoSuchMethodError'{0x0000000087309ff0}: 'long java.lang.invoke.DirectMethodHandle$Holder.invokeStatic(java.lang.Object, java.lang.Object, java.lang.Object)'> (0x0000000087309ff0) 
thrown [s\open\src\hotspot\share\interpreter\linkResolver.cpp, line 796]
Event: 2.146 Thread 0x00000207e698bd20 Exception <a 'java/lang/NoSuchMethodError'{0x000000008730d3d8}: 'long java.lang.invoke.DirectMethodHandle$Holder.invokeStaticInit(java.lang.Object, java.lang.Object, java.lang.Object)'> (0x000000008730d3d8) 
thrown [s\open\src\hotspot\share\interpreter\linkResolver.cpp, line 796]
Event: 2.147 Thread 0x00000207e698bd20 Exception <a 'java/lang/NoSuchMethodError'{0x0000000087321b78}: 'java.lang.Object java.lang.invoke.DirectMethodHandle$Holder.newInvokeSpecial(java.lang.Object, java.lang.Object, long)'> (0x0000000087321b78) 
thrown [s\open\src\hotspot\share\interpreter\linkResolver.cpp, line 796]
Event: 2.147 Thread 0x00000207e698bd20 Exception <a 'java/lang/NoSuchMethodError'{0x0000000087325498}: 'java.lang.Object java.lang.invoke.Invokers$Holder.linkToTargetMethod(java.lang.Object, long, java.lang.Object)'> (0x0000000087325498) 
thrown [s\open\src\hotspot\share\interpreter\linkResolver.cpp, line 796]
Event: 2.211 Thread 0x00000207e698b690 Exception <a 'java/lang/NoSuchMethodError'{0x0000000087173508}: 'int java.lang.invoke.DirectMethodHandle$Holder.invokeStaticInit(java.lang.Object, java.lang.Object)'> (0x0000000087173508) 
thrown [s\open\src\hotspot\share\interpreter\linkResolver.cpp, line 796]
Event: 2.272 Thread 0x00000207e698b690 Exception <a 'java/lang/NoSuchMethodError'{0x0000000086e0ff90}: 'java.lang.Object java.lang.invoke.DirectMethodHandle$Holder.invokeStaticInit(java.lang.Object, int)'> (0x0000000086e0ff90) 
thrown [s\open\src\hotspot\share\interpreter\linkResolver.cpp, line 796]
Event: 3.714 Thread 0x00000207e698bd20 Exception <a 'java/lang/NoSuchMethodError'{0x00000000845b3e48}: 'java.lang.Object java.lang.invoke.DirectMethodHandle$Holder.newInvokeSpecial(java.lang.Object, java.lang.Object, int, int, int, int, int, java.lang.Object)'> (0x00000000845b3e48) 
thrown [s\open\src\hotspot\share\interpreter\linkResolver.cpp, line 796]
Event: 3.714 Thread 0x00000207e698bd20 Exception <a 'java/lang/NoSuchMethodError'{0x00000000845c5bf8}: 'java.lang.Object java.lang.invoke.DirectMethodHandle$Holder.newInvokeSpecial(java.lang.Object, java.lang.Object, java.lang.Object, int, int, int, int, int)'> (0x00000000845c5bf8) 
thrown [s\open\src\hotspot\share\interpreter\linkResolver.cpp, line 796]
Event: 3.715 Thread 0x00000207e698bd20 Exception <a 'java/lang/NoSuchMethodError'{0x00000000845ccf98}: 'java.lang.Object java.lang.invoke.Invokers$Holder.linkToTargetMethod(java.lang.Object, java.lang.Object, int, int, int, int, int, java.lang.Object)'> (0x00000000845ccf98) 
thrown [s\open\src\hotspot\share\interpreter\linkResolver.cpp, line 796]
Event: 3.813 Thread 0x00000207e698bd20 Exception <a 'java/io/FileNotFoundException'{0x0000000083cc29c8}> (0x0000000083cc29c8) 
thrown [s\open\src\hotspot\share\prims\jni.cpp, line 520]
Event: 3.815 Thread 0x00000207e698bd20 Exception <a 'java/io/FileNotFoundException'{0x0000000083cdbef8}> (0x0000000083cdbef8) 
thrown [s\open\src\hotspot\share\prims\jni.cpp, line 520]
Event: 3.819 Thread 0x00000207e698bd20 Implicit null exception at 0x00000207d9f1ec4e to 0x00000207d9f1eccc
Event: 6.116 Thread 0x00000207e698b690 Implicit null exception at 0x00000207da02054e to 0x00000207da0205c0

VM Operations (20 events):
Event: 3.732 Executing VM operation: HandshakeAllThreads (Deoptimize) done
Event: 3.733 Executing VM operation: HandshakeAllThreads (Deoptimize)
Event: 3.734 Executing VM operation: HandshakeAllThreads (Deoptimize) done
Event: 3.735 Executing VM operation: HandshakeAllThreads (Deoptimize)
Event: 3.735 Executing VM operation: HandshakeAllThreads (Deoptimize) done
Event: 3.839 Executing VM operation: HandshakeAllThreads (Deoptimize)
Event: 3.839 Executing VM operation: HandshakeAllThreads (Deoptimize) done
Event: 3.861 Executing VM operation: HandshakeAllThreads (Deoptimize)
Event: 3.861 Executing VM operation: HandshakeAllThreads (Deoptimize) done
Event: 3.862 Executing VM operation: HandshakeAllThreads (Deoptimize)
Event: 3.862 Executing VM operation: HandshakeAllThreads (Deoptimize) done
Event: 3.903 Executing VM operation: HandshakeAllThreads (Deoptimize)
Event: 3.903 Executing VM operation: HandshakeAllThreads (Deoptimize) done
Event: 5.881 Executing VM operation: G1CollectForAllocation (G1 Evacuation Pause)
Event: 5.890 Executing VM operation: G1CollectForAllocation (G1 Evacuation Pause) done
Event: 60.168 Executing VM operation: HandshakeAllThreads (HandshakeForDeflation)
Event: 60.168 Executing VM operation: HandshakeAllThreads (HandshakeForDeflation) done
Event: 60.168 Executing VM operation: RendezvousGCThreads
Event: 60.168 Executing VM operation: RendezvousGCThreads done
Event: 296.759 Executing VM operation: Exit

Memory protections (0 events):
No events

Nmethod flushes (0 events):
No events

Events (20 events):
Event: 1.475 Thread 0x00000207e69bb180 Thread added: 0x00000207c62f53f0
Event: 1.698 Thread 0x00000207e698bd20 Thread added: 0x00000207c61552b0
Event: 2.277 Thread 0x00000207e698b690 Thread added: 0x00000207c6153870
Event: 3.225 Thread 0x00000207c62f53f0 Thread exited: 0x00000207c62f53f0
Event: 3.281 Thread 0x00000207c624e600 Thread exited: 0x00000207c624e600
Event: 3.800 Thread 0x00000207e69bb180 Thread added: 0x00000207eb6c09a0
Event: 3.999 Thread 0x00000207e69bb180 Thread added: 0x00000207ec07cb70
Event: 4.336 Thread 0x00000207ec07cb70 Thread exited: 0x00000207ec07cb70
Event: 4.336 Thread 0x00000207eb6c09a0 Thread exited: 0x00000207eb6c09a0
Event: 4.794 Thread 0x00000207e69bb180 Thread added: 0x00000207ebed07c0
Event: 5.066 Thread 0x00000207ebed07c0 Thread exited: 0x00000207ebed07c0
Event: 6.095 Thread 0x00000207e69ba6d0 Thread added: 0x00000207ec248ac0
Event: 6.794 Thread 0x00000207ec248ac0 Thread exited: 0x00000207ec248ac0
Event: 296.757 Thread 0x00000207e697b490 Thread added: 0x00000207c6154c20
Event: 296.757 Thread 0x00000207c6154c20 Thread added: 0x00000207c6155940
Event: 296.757 Thread 0x00000207c6154c20 Thread added: 0x00000207c6151110
Event: 296.758 Thread 0x00000207c6151110 Thread exited: 0x00000207c6151110
Event: 296.759 Thread 0x00000207c6155940 Thread exited: 0x00000207c6155940
Event: 296.759 Thread 0x00000207c6154c20 Before exit entered
Event: 296.759 Thread 0x00000207e697b490 Thread exited: 0x00000207e697b490


Dynamic libraries:
0x00007ff621f00000 - 0x00007ff621f0e000 	C:\Users\ADMIN\.jdks\openjdk-23.0.1\bin\java.exe
0x00007ffb0d6d0000 - 0x00007ffb0d8c8000 	C:\Windows\SYSTEM32\ntdll.dll
0x00007ffb0d5c0000 - 0x00007ffb0d682000 	C:\Windows\System32\KERNEL32.DLL
0x00007ffb0b340000 - 0x00007ffb0b63e000 	C:\Windows\System32\KERNELBASE.dll
0x00007ffb0af20000 - 0x00007ffb0b020000 	C:\Windows\System32\ucrtbase.dll
0x00007ffb062c0000 - 0x00007ffb062d7000 	C:\Users\ADMIN\.jdks\openjdk-23.0.1\bin\jli.dll
0x00007ffb03570000 - 0x00007ffb0358b000 	C:\Users\ADMIN\.jdks\openjdk-23.0.1\bin\VCRUNTIME140.dll
0x00007ffb0d150000 - 0x00007ffb0d2ed000 	C:\Windows\System32\USER32.dll
0x00007ffb0b1f0000 - 0x00007ffb0b212000 	C:\Windows\System32\win32u.dll
0x00007ffaf8f60000 - 0x00007ffaf91fa000 	C:\Windows\WinSxS\amd64_microsoft.windows.common-controls_6595b64144ccf1df_6.0.19041.4355_none_60b8b9eb71f62e16\COMCTL32.dll
0x00007ffb0be50000 - 0x00007ffb0be7b000 	C:\Windows\System32\GDI32.dll
0x00007ffb0d040000 - 0x00007ffb0d0de000 	C:\Windows\System32\msvcrt.dll
0x00007ffb0b220000 - 0x00007ffb0b337000 	C:\Windows\System32\gdi32full.dll
0x00007ffb0ae00000 - 0x00007ffb0ae9d000 	C:\Windows\System32\msvcp_win.dll
0x00007ffb0b8f0000 - 0x00007ffb0b91f000 	C:\Windows\System32\IMM32.DLL
0x00007ffb03560000 - 0x00007ffb0356c000 	C:\Users\ADMIN\.jdks\openjdk-23.0.1\bin\vcruntime140_1.dll
0x00007ffaa2870000 - 0x00007ffaa28fe000 	C:\Users\ADMIN\.jdks\openjdk-23.0.1\bin\msvcp140.dll
0x00007ffa8cf00000 - 0x00007ffa8dc4f000 	C:\Users\ADMIN\.jdks\openjdk-23.0.1\bin\server\jvm.dll
0x00007ffb0ce50000 - 0x00007ffb0cf01000 	C:\Windows\System32\ADVAPI32.dll
0x00007ffb0b7a0000 - 0x00007ffb0b83f000 	C:\Windows\System32\sechost.dll
0x00007ffb0bbf0000 - 0x00007ffb0bd13000 	C:\Windows\System32\RPCRT4.dll
0x00007ffb0aea0000 - 0x00007ffb0aec7000 	C:\Windows\System32\bcrypt.dll
0x00007ffb0cf70000 - 0x00007ffb0cfdb000 	C:\Windows\System32\WS2_32.dll
0x00007ffb0a2f0000 - 0x00007ffb0a33b000 	C:\Windows\SYSTEM32\POWRPROF.dll
0x00007ffaf8d80000 - 0x00007ffaf8da7000 	C:\Windows\SYSTEM32\WINMM.dll
0x00007ffb04760000 - 0x00007ffb0476a000 	C:\Windows\SYSTEM32\VERSION.dll
0x00007ffb0a170000 - 0x00007ffb0a182000 	C:\Windows\SYSTEM32\UMPDC.dll
0x00007ffb08dd0000 - 0x00007ffb08de2000 	C:\Windows\SYSTEM32\kernel.appcore.dll
0x00007ffb03530000 - 0x00007ffb0353a000 	C:\Users\ADMIN\.jdks\openjdk-23.0.1\bin\jimage.dll
0x00007ffb08980000 - 0x00007ffb08b64000 	C:\Windows\SYSTEM32\DBGHELP.DLL
0x00007ffae88a0000 - 0x00007ffae88d4000 	C:\Windows\SYSTEM32\dbgcore.DLL
0x00007ffb0ad70000 - 0x00007ffb0adf2000 	C:\Windows\System32\bcryptPrimitives.dll
0x00007ffb06480000 - 0x00007ffb0648f000 	C:\Users\ADMIN\.jdks\openjdk-23.0.1\bin\instrument.dll
0x00007ffafdd20000 - 0x00007ffafdd3e000 	C:\Users\ADMIN\.jdks\openjdk-23.0.1\bin\java.dll
0x00007ffb0bd20000 - 0x00007ffb0be4b000 	C:\Windows\System32\ole32.dll
0x00007ffb0cae0000 - 0x00007ffb0ce33000 	C:\Windows\System32\combase.dll
0x00007ffb0c2f0000 - 0x00007ffb0ca5d000 	C:\Windows\System32\SHELL32.dll
0x00007ffb08df0000 - 0x00007ffb09594000 	C:\Windows\SYSTEM32\windows.storage.dll
0x00007ffb0a7a0000 - 0x00007ffb0a7ce000 	C:\Windows\SYSTEM32\Wldp.dll
0x00007ffb0d4f0000 - 0x00007ffb0d5bd000 	C:\Windows\System32\OLEAUT32.dll
0x00007ffb0d430000 - 0x00007ffb0d4dd000 	C:\Windows\System32\SHCORE.dll
0x00007ffb0d0f0000 - 0x00007ffb0d145000 	C:\Windows\System32\shlwapi.dll
0x00007ffb0aca0000 - 0x00007ffb0acc4000 	C:\Windows\SYSTEM32\profapi.dll
0x00007ffaa2430000 - 0x00007ffaa2507000 	C:\Users\ADMIN\.jdks\openjdk-23.0.1\bin\jsvml.dll
0x00007ffafdc60000 - 0x00007ffafdc70000 	C:\Users\ADMIN\.jdks\openjdk-23.0.1\bin\net.dll
0x00007ffb0a500000 - 0x00007ffb0a56a000 	C:\Windows\system32\mswsock.dll
0x00007ffafd170000 - 0x00007ffafd186000 	C:\Users\ADMIN\.jdks\openjdk-23.0.1\bin\nio.dll
0x00007ffb02c40000 - 0x00007ffb02c57000 	C:\Users\ADMIN\.jdks\openjdk-23.0.1\bin\zip.dll
0x00007ffaff690000 - 0x00007ffaff6aa000 	C:\Program Files\JetBrains\IntelliJ IDEA Community Edition 2024.2.3\bin\breakgen64.dll
0x00000207c6bf0000 - 0x00000207c6bf3000 	C:\Users\ADMIN\.openjfx\cache\23+29\amd64\api-ms-win-core-console-l1-1-0.dll
0x00000207c6c00000 - 0x00000207c6c03000 	C:\Users\ADMIN\.openjfx\cache\23+29\amd64\api-ms-win-core-console-l1-2-0.dll
0x00000207c6c10000 - 0x00000207c6c13000 	C:\Users\ADMIN\.openjfx\cache\23+29\amd64\api-ms-win-core-datetime-l1-1-0.dll
0x00000207c6c20000 - 0x00000207c6c23000 	C:\Users\ADMIN\.openjfx\cache\23+29\amd64\api-ms-win-core-debug-l1-1-0.dll
0x00000207c6c30000 - 0x00000207c6c33000 	C:\Users\ADMIN\.openjfx\cache\23+29\amd64\api-ms-win-core-errorhandling-l1-1-0.dll
0x00000207c6c40000 - 0x00000207c6c44000 	C:\Users\ADMIN\.openjfx\cache\23+29\amd64\api-ms-win-core-file-l1-1-0.dll
0x00000207c6c50000 - 0x00000207c6c53000 	C:\Users\ADMIN\.openjfx\cache\23+29\amd64\api-ms-win-core-file-l1-2-0.dll
0x00000207c6c60000 - 0x00000207c6c63000 	C:\Users\ADMIN\.openjfx\cache\23+29\amd64\api-ms-win-core-file-l2-1-0.dll
0x00000207c6c70000 - 0x00000207c6c73000 	C:\Users\ADMIN\.openjfx\cache\23+29\amd64\api-ms-win-core-handle-l1-1-0.dll
0x00000207c6c80000 - 0x00000207c6c83000 	C:\Users\ADMIN\.openjfx\cache\23+29\amd64\api-ms-win-core-heap-l1-1-0.dll
0x00000207c6c90000 - 0x00000207c6c93000 	C:\Users\ADMIN\.openjfx\cache\23+29\amd64\api-ms-win-core-interlocked-l1-1-0.dll
0x00000207c6ca0000 - 0x00000207c6ca3000 	C:\Users\ADMIN\.openjfx\cache\23+29\amd64\api-ms-win-core-libraryloader-l1-1-0.dll
0x00000207c6cb0000 - 0x00000207c6cb3000 	C:\Users\ADMIN\.openjfx\cache\23+29\amd64\api-ms-win-core-localization-l1-2-0.dll
0x00000207c6cc0000 - 0x00000207c6cc3000 	C:\Users\ADMIN\.openjfx\cache\23+29\amd64\api-ms-win-core-memory-l1-1-0.dll
0x00000207c6cd0000 - 0x00000207c6cd3000 	C:\Users\ADMIN\.openjfx\cache\23+29\amd64\api-ms-win-core-namedpipe-l1-1-0.dll
0x00000207c6ce0000 - 0x00000207c6ce3000 	C:\Users\ADMIN\.openjfx\cache\23+29\amd64\api-ms-win-core-processenvironment-l1-1-0.dll
0x00000207c6cf0000 - 0x00000207c6cf3000 	C:\Users\ADMIN\.openjfx\cache\23+29\amd64\api-ms-win-core-processthreads-l1-1-0.dll
0x00000207c6d00000 - 0x00000207c6d03000 	C:\Users\ADMIN\.openjfx\cache\23+29\amd64\api-ms-win-core-processthreads-l1-1-1.dll
0x00000207c6d10000 - 0x00000207c6d13000 	C:\Users\ADMIN\.openjfx\cache\23+29\amd64\api-ms-win-core-profile-l1-1-0.dll
0x00000207c6d20000 - 0x00000207c6d23000 	C:\Users\ADMIN\.openjfx\cache\23+29\amd64\api-ms-win-core-rtlsupport-l1-1-0.dll
0x00000207c6d30000 - 0x00000207c6d33000 	C:\Users\ADMIN\.openjfx\cache\23+29\amd64\api-ms-win-core-string-l1-1-0.dll
0x00000207c6d40000 - 0x00000207c6d43000 	C:\Users\ADMIN\.openjfx\cache\23+29\amd64\api-ms-win-core-synch-l1-1-0.dll
0x00000207c6d50000 - 0x00000207c6d53000 	C:\Users\ADMIN\.openjfx\cache\23+29\amd64\api-ms-win-core-synch-l1-2-0.dll
0x00000207c6d60000 - 0x00000207c6d63000 	C:\Users\ADMIN\.openjfx\cache\23+29\amd64\api-ms-win-core-sysinfo-l1-1-0.dll
0x00000207c6d70000 - 0x00000207c6d73000 	C:\Users\ADMIN\.openjfx\cache\23+29\amd64\api-ms-win-core-timezone-l1-1-0.dll
0x00000207c6d80000 - 0x00000207c6d83000 	C:\Users\ADMIN\.openjfx\cache\23+29\amd64\api-ms-win-core-util-l1-1-0.dll
0x00000207c6d90000 - 0x00000207c6d93000 	C:\Users\ADMIN\.openjfx\cache\23+29\amd64\api-ms-win-crt-conio-l1-1-0.dll
0x00000207c6da0000 - 0x00000207c6da4000 	C:\Users\ADMIN\.openjfx\cache\23+29\amd64\api-ms-win-crt-convert-l1-1-0.dll
0x00000207c6db0000 - 0x00000207c6db3000 	C:\Users\ADMIN\.openjfx\cache\23+29\amd64\api-ms-win-crt-environment-l1-1-0.dll
0x00000207c6dc0000 - 0x00000207c6dc3000 	C:\Users\ADMIN\.openjfx\cache\23+29\amd64\api-ms-win-crt-filesystem-l1-1-0.dll
0x00000207c6dd0000 - 0x00000207c6dd3000 	C:\Users\ADMIN\.openjfx\cache\23+29\amd64\api-ms-win-crt-heap-l1-1-0.dll
0x00000207c6de0000 - 0x00000207c6de3000 	C:\Users\ADMIN\.openjfx\cache\23+29\amd64\api-ms-win-crt-locale-l1-1-0.dll
0x00000207c6df0000 - 0x00000207c6df5000 	C:\Users\ADMIN\.openjfx\cache\23+29\amd64\api-ms-win-crt-math-l1-1-0.dll
0x00000207c6e00000 - 0x00000207c6e05000 	C:\Users\ADMIN\.openjfx\cache\23+29\amd64\api-ms-win-crt-multibyte-l1-1-0.dll
0x00000207c6e10000 - 0x00000207c6e20000 	C:\Users\ADMIN\.openjfx\cache\23+29\amd64\api-ms-win-crt-private-l1-1-0.dll
0x00000207c6e20000 - 0x00000207c6e23000 	C:\Users\ADMIN\.openjfx\cache\23+29\amd64\api-ms-win-crt-process-l1-1-0.dll
0x00000207c6e30000 - 0x00000207c6e34000 	C:\Users\ADMIN\.openjfx\cache\23+29\amd64\api-ms-win-crt-runtime-l1-1-0.dll
0x00000207c6e40000 - 0x00000207c6e44000 	C:\Users\ADMIN\.openjfx\cache\23+29\amd64\api-ms-win-crt-stdio-l1-1-0.dll
0x00000207c6e50000 - 0x00000207c6e54000 	C:\Users\ADMIN\.openjfx\cache\23+29\amd64\api-ms-win-crt-string-l1-1-0.dll
0x00000207c6e60000 - 0x00000207c6e63000 	C:\Users\ADMIN\.openjfx\cache\23+29\amd64\api-ms-win-crt-time-l1-1-0.dll
0x00000207c6e70000 - 0x00000207c6e73000 	C:\Users\ADMIN\.openjfx\cache\23+29\amd64\api-ms-win-crt-utility-l1-1-0.dll
0x00007ffadb6d0000 - 0x00007ffadb7cc000 	C:\Users\ADMIN\.openjfx\cache\23+29\amd64\ucrtbase.dll
0x00007ffaf38e0000 - 0x00007ffaf38fb000 	C:\Users\ADMIN\.openjfx\cache\23+29\amd64\vcruntime140.dll
0x00007ffaf8600000 - 0x00007ffaf860c000 	C:\Users\ADMIN\.openjfx\cache\23+29\amd64\vcruntime140_1.dll
0x00007ffadb640000 - 0x00007ffadb6ce000 	C:\Users\ADMIN\.openjfx\cache\23+29\amd64\msvcp140.dll
0x00007ffaf8010000 - 0x00007ffaf8019000 	C:\Users\ADMIN\.openjfx\cache\23+29\amd64\msvcp140_1.dll
0x00007ffadeb00000 - 0x00007ffadeb41000 	C:\Users\ADMIN\.openjfx\cache\23+29\amd64\msvcp140_2.dll
0x00007ffae9850000 - 0x00007ffae9880000 	C:\Users\ADMIN\.openjfx\cache\23+29\amd64\prism_d3d.dll
0x00007ffab8e00000 - 0x00007ffab8fd1000 	C:\Windows\system32\d3d9.dll
0x00007ffb08650000 - 0x00007ffb0867f000 	C:\Windows\SYSTEM32\dwmapi.dll
0x00007ffb08340000 - 0x00007ffb083de000 	C:\Windows\system32\uxtheme.dll
0x00007ffab8c50000 - 0x00007ffab8dfd000 	C:\Windows\System32\DriverStore\FileRepository\iigd_dch.inf_amd64_7ecf8d2b2b8c53e8\igdumdim64.dll
0x00007ffab5ba0000 - 0x00007ffab8c43000 	C:\Windows\System32\DriverStore\FileRepository\iigd_dch.inf_amd64_7ecf8d2b2b8c53e8\igd9dxva64.dll
0x00007ffb0be80000 - 0x00007ffb0c2ee000 	C:\Windows\System32\SETUPAPI.dll
0x00007ffb0aed0000 - 0x00007ffb0af1e000 	C:\Windows\System32\cfgmgr32.dll
0x00007ffafdee0000 - 0x00007ffafe2e9000 	C:\Windows\System32\DriverStore\FileRepository\iigd_dch.inf_amd64_7ecf8d2b2b8c53e8\igdgmm64.dll
0x00007ffadbb10000 - 0x00007ffadbb55000 	C:\Users\ADMIN\.openjfx\cache\23+29\amd64\glass.dll
0x00007ffb0d350000 - 0x00007ffb0d42a000 	C:\Windows\System32\COMDLG32.dll
0x00007ffb0bad0000 - 0x00007ffb0bbe5000 	C:\Windows\System32\MSCTF.dll
0x00007ffb06560000 - 0x00007ffb06587000 	C:\Windows\System32\DriverStore\FileRepository\iigd_dch.inf_amd64_7ecf8d2b2b8c53e8\igdinfo64.dll
0x00007ffaf93b0000 - 0x00007ffafcb46000 	C:\Windows\System32\DriverStore\FileRepository\iigd_dch.inf_amd64_7ecf8d2b2b8c53e8\igc64.dll
0x00007ffb00280000 - 0x00007ffb002bb000 	C:\Windows\SYSTEM32\dxcore.dll
0x00007ffb0b840000 - 0x00007ffb0b8e9000 	C:\Windows\System32\clbcatq.dll
0x00007ffafcfe0000 - 0x00007ffafd11f000 	C:\Windows\System32\Windows.UI.dll
0x00007ffb01710000 - 0x00007ffb017b1000 	C:\Windows\System32\WindowManagementAPI.dll
0x00007ffafce80000 - 0x00007ffafcfd2000 	C:\Windows\System32\InputHost.dll
0x00007ffaf8e60000 - 0x00007ffaf8f59000 	C:\Windows\System32\TextInputFramework.dll
0x00007ffb072f0000 - 0x00007ffb07447000 	C:\Windows\SYSTEM32\wintypes.dll
0x00007ffb022f0000 - 0x00007ffb024f3000 	C:\Windows\SYSTEM32\twinapi.appcore.dll
0x00007ffb070a0000 - 0x00007ffb07192000 	C:\Windows\System32\CoreMessaging.dll
0x00007ffb06910000 - 0x00007ffb06c6b000 	C:\Windows\System32\CoreUIComponents.dll
0x00007ffb07cc0000 - 0x00007ffb07db6000 	C:\Windows\System32\PROPSYS.dll
0x00007ffb0a000000 - 0x00007ffb0a033000 	C:\Windows\SYSTEM32\ntmarta.dll
0x00007ffaf3900000 - 0x00007ffaf3a38000 	C:\Windows\System32\Windows.UI.Immersive.dll
0x00007ffafd120000 - 0x00007ffafd130000 	C:\Users\ADMIN\.jdks\openjdk-23.0.1\bin\verify.dll
0x00007ffb0a1d0000 - 0x00007ffb0a29a000 	C:\Windows\SYSTEM32\DNSAPI.dll
0x00007ffb0a190000 - 0x00007ffb0a1cb000 	C:\Windows\SYSTEM32\IPHLPAPI.DLL
0x00007ffb0d0e0000 - 0x00007ffb0d0e8000 	C:\Windows\System32\NSI.dll
0x00007ffaf9350000 - 0x00007ffaf935a000 	C:\Windows\System32\rasadhlp.dll

dbghelp: loaded successfully - version: 4.0.5 - missing functions: none
symbol engine: initialized successfully - sym options: 0x614 - pdb path: .;C:\Users\ADMIN\.jdks\openjdk-23.0.1\bin;C:\Windows\SYSTEM32;C:\Windows\WinSxS\amd64_microsoft.windows.common-controls_6595b64144ccf1df_6.0.19041.4355_none_60b8b9eb71f62e16;C:\Users\ADMIN\.jdks\openjdk-23.0.1\bin\server;C:\Program Files\JetBrains\IntelliJ IDEA Community Edition 2024.2.3\bin;C:\Users\ADMIN\.openjfx\cache\23+29\amd64;C:\Windows\System32\DriverStore\FileRepository\iigd_dch.inf_amd64_7ecf8d2b2b8c53e8;C:\Program Files\Common Files\Microsoft Shared\Ink

VM Arguments:
jvm_args: --enable-preview -javaagent:C:\Program Files\JetBrains\IntelliJ IDEA Community Edition 2024.2.3\lib\idea_rt.jar=55817:C:\Program Files\JetBrains\IntelliJ IDEA Community Edition 2024.2.3\bin -Dfile.encoding=UTF-8 -Dsun.stdout.encoding=UTF-8 -Dsun.stderr.encoding=UTF-8 --module-path=C:\Users\ADMIN\.m2\repository\org\openjfx\javafx-base\23\javafx-base-23-win.jar;C:\Users\ADMIN\.m2\repository\org\openjfx\javafx-controls\23\javafx-controls-23-win.jar;C:\Users\ADMIN\.m2\repository\org\openjfx\javafx-fxml\23\javafx-fxml-23-win.jar;C:\xampp\htdocs\test\tree\target\classes;C:\Users\ADMIN\.m2\repository\org\openjfx\javafx-graphics\23\javafx-graphics-23-win.jar -Djdk.module.main=com.example.demo 
java_command: com.example.demo/com.example.demo.MyApplication
java_class_path (initial): C:\Users\ADMIN\.m2\repository\org\openjfx\javafx-controls\23\javafx-controls-23.jar;C:\Users\ADMIN\.m2\repository\org\openjfx\javafx-fxml\23\javafx-fxml-23.jar;C:\Users\ADMIN\.m2\repository\org\openjfx\javafx-graphics\23\javafx-graphics-23.jar;C:\Users\ADMIN\.m2\repository\org\openjfx\javafx-base\23\javafx-base-23.jar;C:\Users\ADMIN\.m2\repository\mysql\mysql-connector-java\5.1.49\mysql-connector-java-5.1.49.jar
Launcher Type: SUN_STANDARD

[Global flags]
     intx CICompilerCount                          = 4                                         {product} {ergonomic}
     uint ConcGCThreads                            = 2                                         {product} {ergonomic}
     uint G1ConcRefinementThreads                  = 8                                         {product} {ergonomic}
   size_t G1HeapRegionSize                         = 1048576                                   {product} {ergonomic}
   size_t InitialHeapSize                          = 132120576                                 {product} {ergonomic}
   size_t MarkStackSize                            = 4194304                                   {product} {ergonomic}
   size_t MarkStackSizeMax                         = 536870912                                 {product} {ergonomic}
   size_t MaxHeapSize                              = 2107637760                                {product} {ergonomic}
   size_t MaxNewSize                               = 1264582656                                {product} {ergonomic}
   size_t MinHeapDeltaBytes                        = 1048576                                   {product} {ergonomic}
   size_t MinHeapSize                              = 8388608                                   {product} {ergonomic}
    uintx NonNMethodCodeHeapSize                   = 5832704                                {pd product} {ergonomic}
    uintx NonProfiledCodeHeapSize                  = 122945536                              {pd product} {ergonomic}
    uintx ProfiledCodeHeapSize                     = 122880000                              {pd product} {ergonomic}
    uintx ReservedCodeCacheSize                    = 251658240                              {pd product} {ergonomic}
     bool SegmentedCodeCache                       = true                                      {product} {ergonomic}
   size_t SoftMaxHeapSize                          = 2107637760                             {manageable} {ergonomic}
     bool UseCompressedOops                        = true                           {product lp64_product} {ergonomic}
     bool UseG1GC                                  = true                                      {product} {ergonomic}
     bool UseLargePagesIndividualAllocation        = false                                  {pd product} {ergonomic}

Logging:
Log output configuration:
 #0: stdout all=off uptime,level,tags foldmultilines=false
 #1: stderr all=off uptime,level,tags foldmultilines=false

Environment Variables:
PATH=C:\Program Files (x86)\Common Files\Oracle\Java\java8path;C:\Program Files (x86)\Common Files\Oracle\Java\javapath;C:\Windows\system32;C:\Windows;C:\Windows\System32\Wbem;C:\Windows\System32\WindowsPowerShell\v1.0\;C:\Windows\System32\OpenSSH\;C:\Program Files (x86)\Bitvise SSH Client;C:\Program Files\Azure Data Studio\bin;C:\xampp\php;C:\ProgramData\ComposerSetup\bin;C:\Program Files\Cloudflare\Cloudflare WARP\;C:\Program Files\nodejs\;C:\Program Files\Git\cmd;C:\Program Files (x86)\Microsoft SQL Server\160\Tools\Binn\;C:\Program Files\Microsoft SQL Server\160\Tools\Binn\;C:\Program Files\Microsoft SQL Server\Client SDK\ODBC\170\Tools\Binn\;C:\Program Files\Microsoft SQL Server\160\DTS\Binn\;C:\Program Files (x86)\Microsoft SQL Server\160\DTS\Binn\;C:\Users\ADMIN\AppData\Local\Microsoft\WindowsApps;C:\Users\ADMIN\AppData\Local\Programs\Microsoft VS Code\bin;C:\Program Files\Azure Data Studio\bin;C:\Users\ADMIN\AppData\Roaming\Composer\vendor\bin;C:\Users\ADMIN\AppData\Roaming\npm;C:\Users\ADMIN\AppData\Local\GitHubDesktop\bin
USERNAME=ADMIN
OS=Windows_NT
PROCESSOR_IDENTIFIER=Intel64 Family 6 Model 142 Stepping 12, GenuineIntel
TMP=C:\Users\ADMIN\AppData\Local\Temp
TEMP=C:\Users\ADMIN\AppData\Local\Temp




Periodic native trim disabled

---------------  S Y S T E M  ---------------

OS:
 Windows 10 , 64 bit Build 19041 (10.0.19041.5072)
OS uptime: 5 days 10:30 hours

CPU: total 8 (initial active 8) (4 cores per cpu, 2 threads per core) family 6 model 142 stepping 12 microcode 0xf8, cx8, cmov, fxsr, ht, mmx, 3dnowpref, sse, sse2, sse3, ssse3, sse4.1, sse4.2, popcnt, lzcnt, tsc, tscinvbit, avx, avx2, aes, erms, clmul, bmi1, bmi2, adx, fma, vzeroupper, clflush, clflushopt, rdtscp, f16c
Processor Information for the first 8 processors :
  Max Mhz: 2112, Current Mhz: 1609, Mhz Limit: 1605

Memory: 4k page, system-wide physical 8039M (662M free)
TotalPageFile size 17057M (AvailPageFile size 2559M)
current process WorkingSet (physical memory assigned to process): 294M, peak: 314M
current process commit charge ("private bytes"): 324M, peak: 348M

vm_info: OpenJDK 64-Bit Server VM (23.0.1+11-39) for windows-amd64 JRE (23.0.1+11-39), built on 2024-09-30T07:20:43Z with MS VC++ 17.6 (VS2022)

END.
